[2026-05-08T17:23:21Z] === ENRICH ITERATION 2 START | repo=BurntSushi/jiff sha=93954952 ===
[2026-05-08T17:23:21Z] [iter=2] PHASE START: enrich repo=BurntSushi/jiff sha=93954952 runlog=/home/runner/work/forx/forx/storage/aggregate/lsp/logs/93954952-enrich-iter-002.log output=/home/runner/work/forx/forx/storage/aggregate/lsp/939549520e6004b051b02c8b5f74973b833f3670.nq.gz
[2026-05-08T17:23:34Z] [iter=2] Step 1: Loading AST into disk-backed store mem_mb=77 MB
[2026-05-08T17:24:03Z] [iter=2] AST store loaded triples=3336235 load_secs=27 mem_mb=935 MB
[2026-05-08T17:24:03Z] [iter=2] Step 2: Finding LSP targets mem_mb=935 MB
[2026-05-08T17:24:11Z] [iter=2] LSP targets found call_sites=24401 imports=176 extends=0 implements=164 secs=8
[2026-05-08T17:24:14Z] [iter=2] Loaded checkpoint partial graph triples=87916
[2026-05-08T17:24:22Z] [iter=2] Step 2.7: Building position index (one-shot, shared across resolvers) mem_mb=935 MB
[2026-05-08T17:24:43Z] [iter=2] Position index built positions=230336 nodes_with_types=267935 secs=21 mem_mb=935 MB
[2026-05-08T17:24:43Z] [iter=2] Step 3: Starting LSP resolution mem_mb=935 MB already_completed_types=[] already_completed_files=41
[2026-05-08T17:24:43Z] [iter=2] Resolving target type target_type=call_site count=24401
[2026-05-08T17:25:07Z] [iter=2] HEARTBEAT target_type=call_site elapsed_min=1.8 files_done=0 resolved=0 errors=0 current=src/tz/concatenated.rs
[2026-05-08T17:32:05Z] [iter=2] HEARTBEAT target_type=call_site elapsed_min=8.7 files_done=1 resolved=22 errors=290 current=crates/jiff-static/src/lib.rs
[2026-05-08T17:33:49Z] [iter=2] HEARTBEAT target_type=call_site elapsed_min=10.5 files_done=2 resolved=83 errors=366 current=src/shared/crc32/mod.rs
[2026-05-08T17:37:07Z] [iter=2] HEARTBEAT target_type=call_site elapsed_min=13.8 files_done=4 resolved=92 errors=512 current=src/tz/db/mod.rs
[2026-05-08T17:38:36Z] [iter=2] HEARTBEAT target_type=call_site elapsed_min=15.2 files_done=5 resolved=124 errors=578 current=crates/jiff-cli/cmd/generate/crc32.rs
[2026-05-08T17:41:05Z] [iter=2] HEARTBEAT target_type=call_site elapsed_min=17.7 files_done=9 resolved=199 errors=688 current=bench/src/print.rs
[2026-05-08T17:46:22Z] [iter=2] HEARTBEAT target_type=call_site elapsed_min=23.0 files_done=11 resolved=226 errors=923 current=src/util/libm.rs
[2026-05-08T17:47:15Z] [iter=2] HEARTBEAT target_type=call_site elapsed_min=23.9 files_done=14 resolved=235 errors=963 current=src/util/t.rs
[2026-05-08T17:49:27Z] [iter=2] HEARTBEAT target_type=call_site elapsed_min=26.1 files_done=15 resolved=239 errors=1061 current=crates/jiff-cli/cmd/generate/mod.rs
[2026-05-08T17:52:12Z] [iter=2] HEARTBEAT target_type=call_site elapsed_min=28.8 files_done=18 resolved=337 errors=1184 current=src/fmt/temporal/mod.rs
[2026-05-08T17:53:02Z] [iter=2] HEARTBEAT target_type=call_site elapsed_min=29.7 files_done=19 resolved=408 errors=1221 current=crates/jiff-cli/cmd/generate/unit_designator_match.rs
[2026-05-08T18:01:33Z] [iter=2] HEARTBEAT target_type=call_site elapsed_min=38.2 files_done=21 resolved=546 errors=1599 current=src/fmt/serde.rs
[2026-05-08T18:04:13Z] [iter=2] HEARTBEAT target_type=call_site elapsed_min=40.9 files_done=22 resolved=640 errors=1716 current=src/civil/weekday.rs
[2026-05-08T18:06:13Z] [iter=2] HEARTBEAT target_type=call_site elapsed_min=42.9 files_done=23 resolved=653 errors=1805 current=tests/tc39_262/civil/time/add.rs
[2026-05-08T18:10:00Z] [iter=2] HEARTBEAT target_type=call_site elapsed_min=46.6 files_done=24 resolved=711 errors=1973 current=src/tz/db/concatenated/enabled.rs
[2026-05-08T18:11:41Z] [iter=2] HEARTBEAT target_type=call_site elapsed_min=48.3 files_done=25 resolved=783 errors=2048 current=src/fmt/friendly/parser.rs
[2026-05-08T18:16:30Z] [iter=2] HEARTBEAT target_type=call_site elapsed_min=53.1 files_done=26 resolved=1012 errors=2262 current=src/tz/posix.rs
[2026-05-08T18:17:24Z] [iter=2] HEARTBEAT target_type=call_site elapsed_min=54.0 files_done=27 resolved=1031 errors=2302 current=crates/jiff-diesel/src/postgres.rs
[2026-05-08T18:17:55Z] [iter=2] HEARTBEAT target_type=call_site elapsed_min=54.6 files_done=29 resolved=1043 errors=2325 current=crates/jiff-icu/src/error.rs
[2026-05-08T18:19:23Z] [iter=2] HEARTBEAT target_type=call_site elapsed_min=56.0 files_done=34 resolved=1088 errors=2390 current=examples/diesel-mysql/main.rs
[2026-05-08T18:21:02Z] [iter=2] HEARTBEAT target_type=call_site elapsed_min=57.7 files_done=36 resolved=1120 errors=2463 current=crates/jiff-cli/args/mod.rs
[2026-05-08T18:21:52Z] [iter=2] HEARTBEAT target_type=call_site elapsed_min=58.5 files_done=37 resolved=1146 errors=2499 current=crates/jiff-static/src/shared/util/escape.rs
[2026-05-08T18:26:49Z] [iter=2] HEARTBEAT target_type=call_site elapsed_min=63.5 files_done=39 resolved=1167 errors=2719 current=crates/jiff-static/src/shared/util/utf8.rs
[2026-05-08T18:28:59Z] [iter=2] HEARTBEAT target_type=call_site elapsed_min=65.6 files_done=42 resolved=1278 errors=2816 current=src/util/round/increment.rs
[2026-05-08T18:29:33Z] [iter=2] HEARTBEAT target_type=call_site elapsed_min=66.2 files_done=43 resolved=1287 errors=2841 current=src/tz/db/bundled/enabled.rs
[2026-05-08T18:33:09Z] [iter=2] HEARTBEAT target_type=call_site elapsed_min=69.8 files_done=45 resolved=1332 errors=3002 current=crates/jiff-icu/src/lib.rs
[2026-05-08T18:34:09Z] [iter=2] HEARTBEAT target_type=call_site elapsed_min=70.8 files_done=46 resolved=1342 errors=3045 current=src/tz/testdata.rs
[2026-05-08T18:34:47Z] [iter=2] HEARTBEAT target_type=call_site elapsed_min=71.4 files_done=49 resolved=1413 errors=3072 current=crates/jiff-diesel/src/sqlite.rs
[2026-05-08T18:36:06Z] [iter=2] HEARTBEAT target_type=call_site elapsed_min=72.7 files_done=52 resolved=1444 errors=3130 current=crates/jiff-diesel/src/nullable.rs
[2026-05-08T18:36:52Z] [iter=2] HEARTBEAT target_type=call_site elapsed_min=73.5 files_done=53 resolved=1467 errors=3163 current=bench/src/tz.rs
[2026-05-08T18:37:34Z] [iter=2] HEARTBEAT target_type=call_site elapsed_min=74.2 files_done=55 resolved=1503 errors=3194 current=src/util/fs.rs
[2026-05-08T18:38:17Z] [iter=2] HEARTBEAT target_type=call_site elapsed_min=74.9 files_done=58 resolved=1518 errors=3226 current=src/util/borrow.rs
[2026-05-08T18:39:43Z] [iter=2] HEARTBEAT target_type=call_site elapsed_min=76.4 files_done=60 resolved=1536 errors=3290 current=src/tz/system/unix.rs
[2026-05-08T18:40:18Z] [iter=2] HEARTBEAT target_type=call_site elapsed_min=76.9 files_done=64 resolved=1574 errors=3316 current=src/tz/system/android.rs
[2026-05-08T18:40:55Z] [iter=2] HEARTBEAT target_type=call_site elapsed_min=77.6 files_done=67 resolved=1590 errors=3344 current=crates/jiff-sqlx/src/sqlite.rs
[2026-05-08T18:41:32Z] [iter=2] HEARTBEAT target_type=call_site elapsed_min=78.2 files_done=70 resolved=1599 errors=3371 current=src/logging.rs
[2026-05-08T18:42:10Z] [iter=2] HEARTBEAT target_type=call_site elapsed_min=78.8 files_done=74 resolved=1634 errors=3399 current=crates/jiff-icu/src/traits.rs
[2026-05-08T18:42:43Z] [iter=2] HEARTBEAT target_type=call_site elapsed_min=79.4 files_done=81 resolved=1714 errors=3422 current=crates/jiff-diesel/src/wrappers.rs
[2026-05-08T18:43:14Z] [iter=2] HEARTBEAT target_type=call_site elapsed_min=79.9 files_done=86 resolved=1719 errors=3445 current=src/util/sync.rs
[2026-05-08T18:43:24Z] [iter=2] Target type resolved target_type=call_site resolved=1724 errors=3452 secs=4721 mem_mb=935 MB
[2026-05-08T18:43:24Z] [iter=2] Resolving target type target_type=import_statement count=176
[2026-05-08T18:43:42Z] [iter=2] Target type resolved target_type=import_statement resolved=68 errors=0 secs=18 mem_mb=935 MB
[2026-05-08T18:43:42Z] [iter=2] Resolving target type target_type=implements_clause count=164
[2026-05-08T18:43:52Z] [iter=2] HEARTBEAT target_type=implements_clause elapsed_min=80.5 files_done=1 resolved=4 errors=0 current=src/fmt/mod.rs
[2026-05-08T18:43:58Z] [iter=2] Target type resolved target_type=implements_clause resolved=91 errors=0 secs=16 mem_mb=935 MB
[2026-05-08T18:44:27Z] [iter=2] Step 5: Writing final enrichment file triples=166022
[2026-05-08T18:44:31Z] [iter=2] Enrichment file written path=/home/runner/work/forx/forx/storage/aggregate/lsp/939549520e6004b051b02c8b5f74973b833f3670.nq.gz size_kb=3422
[2026-05-08T18:44:31Z] [iter=2] Checkpoint cleared (enrichment complete)
[2026-05-08T18:44:31Z] [iter=2] PHASE END: enrich elapsed_s=4869 elapsed_min=81.2 total_triples=166022
